<?xml version="1.0" encoding="UTF-8"?>
<testsuite name="app.keyweb.vault.OpsTest" tests="6" skipped="0" failures="0" errors="0" timestamp="2026-09-05T01:00:41.274Z" hostname="Micaels-MacBook-Air.local" time="0.004">
  <properties/>
  <testcase name="retains a superseded password so an accidental overwrite is recoverable()" classname="app.keyweb.vault.OpsTest" time="0.0"/>
  <testcase name="caps retained history so a long-lived item cannot grow without bound()" classname="app.keyweb.vault.OpsTest" time="0.001"/>
  <testcase name="a later edit beats an earlier delete, and a later delete beats an earlier edit()" classname="app.keyweb.vault.OpsTest" time="0.0"/>
  <testcase name="hides items whose keyring was deleted without destroying them()" classname="app.keyweb.vault.OpsTest" time="0.001"/>
  <testcase name="resolves per field, so simultaneous edits to one login both survive()" classname="app.keyweb.vault.OpsTest" time="0.0"/>
  <testcase name="is idempotent when the same operation is replayed()" classname="app.keyweb.vault.OpsTest" time="0.0"/>
  <system-out><![CDATA[]]></system-out>
  <system-err><![CDATA[]]></system-err>
</testsuite>
