<?xml version="1.0" encoding="UTF-8"?>
<testsuite name="app.keyweb.vault.WireFormatTest" tests="4" skipped="0" failures="0" errors="0" timestamp="2026-09-05T01:00:41.285Z" hostname="Micaels-MacBook-Air.local" time="0.013">
  <properties/>
  <testcase name="merging the fixture with itself changes nothing()" classname="app.keyweb.vault.WireFormatTest" time="0.006"/>
  <testcase name="computes the same fingerprint as the TypeScript implementation()" classname="app.keyweb.vault.WireFormatTest" time="0.001"/>
  <testcase name="re-serialises to a payload the TypeScript implementation would accept()" classname="app.keyweb.vault.WireFormatTest" time="0.003"/>
  <testcase name="parses a payload written by the TypeScript implementation()" classname="app.keyweb.vault.WireFormatTest" time="0.001"/>
  <system-out><![CDATA[]]></system-out>
  <system-err><![CDATA[]]></system-err>
</testsuite>
