<?xml version="1.0" encoding="UTF-8"?>
<testsuite name="app.keyweb.vault.CrashSafetyTest" tests="2" skipped="0" failures="0" errors="0" timestamp="2026-09-12T05:46:40.052Z" hostname="Micaels-MacBook-Air.local" time="0.003">
  <properties/>
  <testcase name="rebuilds correctly after a restart with a non-empty queue()" classname="app.keyweb.vault.CrashSafetyTest" time="0.001"/>
  <testcase name="replays an operation published but not acknowledged, without duplicating it()" classname="app.keyweb.vault.CrashSafetyTest" time="0.001"/>
  <system-out><![CDATA[]]></system-out>
  <system-err><![CDATA[]]></system-err>
</testsuite>
