<?xml version="1.0" encoding="UTF-8"?>
<testsuite name="app.keyweb.vault.FingerprintTest" tests="2" skipped="0" failures="0" errors="0" timestamp="2026-09-05T01:00:41.266Z" hostname="Micaels-MacBook-Air.local" time="0.001">
  <properties/>
  <testcase name="does not depend on insertion order()" classname="app.keyweb.vault.FingerprintTest" time="0.0"/>
  <testcase name="changes when a register advances()" classname="app.keyweb.vault.FingerprintTest" time="0.001"/>
  <system-out><![CDATA[]]></system-out>
  <system-err><![CDATA[]]></system-err>
</testsuite>
